<?xml version="1.0" encoding="UTF-8"?>
<!-- Generated by org.testng.reporters.JUnitReportReporter -->
<testsuite hostname="LAPTOP-IF1T13DB" failures="0" tests="2" name="org.demo.test.TC001Home2" time="14.138" errors="0" timestamp="2024-08-01T20:27:21 IST" skipped="0">
  <testcase classname="org.demo.test.TC001Home2" name="logIn" time="6.971"/>
  <system-out/>
  <testcase classname="org.demo.test.TC001Home2" name="logIn" time="7.167"/>
  <system-out/>
</testsuite> <!-- org.demo.test.TC001Home2 -->
