<?xml version="1.0" encoding="UTF-8"?>
<!-- Generated by org.testng.reporters.JUnitReportReporter -->
<testsuite hostname="LAPTOP-IF1T13DB" failures="0" tests="3" name="org.demo.test.TC001Home" time="79.601" errors="0" timestamp="2024-08-01T17:26:12 IST" skipped="0">
  <testcase classname="org.demo.test.TC001Home" name="singIn" time="36.721"/>
  <system-out/>
  <testcase classname="org.demo.test.TC001Home" name="singIn" time="36.843"/>
  <system-out/>
  <testcase classname="org.demo.test.TC001Home" name="singIn" time="6.037"/>
  <system-out/>
</testsuite> <!-- org.demo.test.TC001Home -->
